{"obj": {"type": "AssignString", "path": ["sys", "name"], "value": "Untitled"}, "version": 1}
{"obj": {"type": "AssignString", "path": ["sys", "description"], "value": ""}, "version": 2}
{"obj": {"type": "AssignString", "path": ["sys", "hostname"], "value": "DESKTOP-LCRLR8G"}, "version": 3}
{"obj": {"type": "AssignBool", "path": ["sys", "failed"], "value": false}, "version": 4}
{"obj": {"type": "ClearStringLog", "path": ["monitoring", "stdout"]}, "version": 5}
{"obj": {"type": "ClearStringLog", "path": ["monitoring", "stderr"]}, "version": 6}
{"obj": {"type": "AssignString", "path": ["source_code", "entrypoint"], "value": "train_tuning.py"}, "version": 7}
{"obj": {"type": "UploadFileSet", "path": ["source_code", "files"], "file_globs": ["C:\\Users\\Marwan\\PycharmProjects\\TinySSD_Banana\\TinySSD_Banana\\train_tuning.py"], "reset": "False"}, "version": 8}
{"obj": {"type": "ConfigFloatSeries", "path": ["monitoring", "cpu"], "min": 0.0, "max": 100.0, "unit": "%"}, "version": 9}
{"obj": {"type": "ClearFloatLog", "path": ["monitoring", "cpu"]}, "version": 10}
{"obj": {"type": "ConfigFloatSeries", "path": ["monitoring", "memory"], "min": 0.0, "max": 15.955059051513672, "unit": "GB"}, "version": 11}
{"obj": {"type": "ClearFloatLog", "path": ["monitoring", "memory"]}, "version": 12}
{"obj": {"type": "ConfigFloatSeries", "path": ["monitoring", "gpu"], "min": 0.0, "max": 100.0, "unit": "%"}, "version": 13}
{"obj": {"type": "ClearFloatLog", "path": ["monitoring", "gpu"]}, "version": 14}
{"obj": {"type": "ConfigFloatSeries", "path": ["monitoring", "gpu_memory"], "min": 0.0, "max": 8.0, "unit": "GB"}, "version": 15}
{"obj": {"type": "ClearFloatLog", "path": ["monitoring", "gpu_memory"]}, "version": 16}
{"obj": {"type": "AssignString", "path": ["parameters", "direction"], "value": "minimize"}, "version": 17}
{"obj": {"type": "AssignInt", "path": ["parameters", "n_trials"], "value": 20}, "version": 18}
{"obj": {"type": "AssignString", "path": ["source_code", "integrations", "neptune-optuna"], "value": "0.9.14"}, "version": 19}
{"obj": {"type": "LogFloats", "path": ["monitoring", "cpu"], "values": [{"value": 10.1, "step": null, "ts": 1656443658.9677434}]}, "version": 20}
{"obj": {"type": "LogFloats", "path": ["monitoring", "memory"], "values": [{"value": 8.129066467285156, "step": null, "ts": 1656443658.9677434}]}, "version": 21}
{"obj": {"type": "LogFloats", "path": ["monitoring", "gpu_memory"], "values": [{"value": 1.4685287475585938, "step": null, "ts": 1656443658.9677434}]}, "version": 22}
{"obj": {"type": "LogStrings", "path": ["monitoring", "traceback"], "values": [{"value": "An uncaught exception occurred while run was active on worker DESKTOP-LCRLR8G.", "step": null, "ts": 1656443659.4708538}, {"value": "Marking run as failed", "step": null, "ts": 1656443659.4708538}, {"value": "Traceback:", "step": null, "ts": 1656443659.4708538}, {"value": "  File \"C:\\Users\\Marwan\\PycharmProjects\\TinySSD_Banana\\TinySSD_Banana\\train_tuning.py\", line 145, in <module>\n    study.optimize(lambda trial: objective(trial), n_trials=params[\"n_trials\"], gc_after_trial=True, callbacks=[neptune_callback])\n", "step": null, "ts": 1656443659.4708538}, {"value": "  File \"C:\\Users\\Marwan\\AppData\\Local\\Programs\\Python\\Python310\\lib\\site-packages\\optuna\\study\\study.py\", line 400, in optimize\n    _optimize(\n", "step": null, "ts": 1656443659.4708538}, {"value": "  File \"C:\\Users\\Marwan\\AppData\\Local\\Programs\\Python\\Python310\\lib\\site-packages\\optuna\\study\\_optimize.py\", line 66, in _optimize\n    _optimize_sequential(\n", "step": null, "ts": 1656443659.4708538}, {"value": "  File \"C:\\Users\\Marwan\\AppData\\Local\\Programs\\Python\\Python310\\lib\\site-packages\\optuna\\study\\_optimize.py\", line 163, in _optimize_sequential\n    trial = _run_trial(study, func, catch)\n", "step": null, "ts": 1656443659.4708538}, {"value": "  File \"C:\\Users\\Marwan\\AppData\\Local\\Programs\\Python\\Python310\\lib\\site-packages\\optuna\\study\\_optimize.py\", line 264, in _run_trial\n    raise func_err\n", "step": null, "ts": 1656443659.4708538}, {"value": "  File \"C:\\Users\\Marwan\\AppData\\Local\\Programs\\Python\\Python310\\lib\\site-packages\\optuna\\study\\_optimize.py\", line 213, in _run_trial\n    value_or_values = func(trial)\n", "step": null, "ts": 1656443659.4708538}, {"value": "  File \"C:\\Users\\Marwan\\PycharmProjects\\TinySSD_Banana\\TinySSD_Banana\\train_tuning.py\", line 145, in <lambda>\n    study.optimize(lambda trial: objective(trial), n_trials=params[\"n_trials\"], gc_after_trial=True, callbacks=[neptune_callback])\n", "step": null, "ts": 1656443659.4708538}]}, "version": 23}
{"obj": {"type": "LogStrings", "path": ["monitoring", "traceback"], "values": [{"value": "  File \"C:\\Users\\Marwan\\PycharmProjects\\TinySSD_Banana\\TinySSD_Banana\\train_tuning.py\", line 82, in objective\n    optimizer = getattr(optim, param[\"optimizer\"])(net.parameters(), lr=param[\"learning_rate\"], dropout=param[\"dropout\"], weight_decay=param[\"weight_decay\"])\n", "step": null, "ts": 1656443659.4708538}, {"value": "SGD.__init__() got an unexpected keyword argument 'dropout'", "step": null, "ts": 1656443659.4708538}]}, "version": 24}
{"obj": {"type": "AssignBool", "path": ["sys", "failed"], "value": true}, "version": 25}
{"obj": {"type": "LogStrings", "path": ["monitoring", "stderr"], "values": [{"value": "Traceback (most recent call last):\n", "step": null, "ts": 1656443659.4718547}]}, "version": 26}
{"obj": {"type": "LogStrings", "path": ["monitoring", "stderr"], "values": [{"value": "  File \"C:\\Users\\Marwan\\PycharmProjects\\TinySSD_Banana\\TinySSD_Banana\\train_tuning.py\", line 145, in <module>\n", "step": null, "ts": 1656443659.4718547}]}, "version": 27}
{"obj": {"type": "LogStrings", "path": ["monitoring", "stderr"], "values": [{"value": "    ", "step": null, "ts": 1656443659.4728553}]}, "version": 28}
{"obj": {"type": "LogStrings", "path": ["monitoring", "stderr"], "values": [{"value": "study.optimize(lambda trial: objective(trial), n_trials=params[\"n_trials\"], gc_after_trial=True, callbacks=[neptune_callback])", "step": null, "ts": 1656443659.4728553}]}, "version": 29}
{"obj": {"type": "LogStrings", "path": ["monitoring", "stderr"], "values": [{"value": "\n", "step": null, "ts": 1656443659.4728553}]}, "version": 30}
{"obj": {"type": "LogStrings", "path": ["monitoring", "stderr"], "values": [{"value": "  File \"C:\\Users\\Marwan\\AppData\\Local\\Programs\\Python\\Python310\\lib\\site-packages\\optuna\\study\\study.py\", line 400, in optimize\n", "step": null, "ts": 1656443659.4728553}]}, "version": 31}
{"obj": {"type": "LogStrings", "path": ["monitoring", "stderr"], "values": [{"value": "    ", "step": null, "ts": 1656443659.4728553}]}, "version": 32}
{"obj": {"type": "LogStrings", "path": ["monitoring", "stderr"], "values": [{"value": "_optimize(", "step": null, "ts": 1656443659.4728553}]}, "version": 33}
{"obj": {"type": "LogStrings", "path": ["monitoring", "stderr"], "values": [{"value": "\n", "step": null, "ts": 1656443659.4728553}]}, "version": 34}
{"obj": {"type": "LogStrings", "path": ["monitoring", "stderr"], "values": [{"value": "  File \"C:\\Users\\Marwan\\AppData\\Local\\Programs\\Python\\Python310\\lib\\site-packages\\optuna\\study\\_optimize.py\", line 66, in _optimize\n", "step": null, "ts": 1656443659.4728553}]}, "version": 35}
{"obj": {"type": "LogStrings", "path": ["monitoring", "stderr"], "values": [{"value": "    ", "step": null, "ts": 1656443659.4728553}]}, "version": 36}
{"obj": {"type": "LogStrings", "path": ["monitoring", "stderr"], "values": [{"value": "_optimize_sequential(", "step": null, "ts": 1656443659.473856}]}, "version": 37}
{"obj": {"type": "LogStrings", "path": ["monitoring", "stderr"], "values": [{"value": "\n", "step": null, "ts": 1656443659.473856}]}, "version": 38}
{"obj": {"type": "LogStrings", "path": ["monitoring", "stderr"], "values": [{"value": "  File \"C:\\Users\\Marwan\\AppData\\Local\\Programs\\Python\\Python310\\lib\\site-packages\\optuna\\study\\_optimize.py\", line 163, in _optimize_sequential\n", "step": null, "ts": 1656443659.473856}]}, "version": 39}
{"obj": {"type": "LogStrings", "path": ["monitoring", "stderr"], "values": [{"value": "    ", "step": null, "ts": 1656443659.473856}]}, "version": 40}
{"obj": {"type": "LogStrings", "path": ["monitoring", "stderr"], "values": [{"value": "trial = _run_trial(study, func, catch)", "step": null, "ts": 1656443659.473856}]}, "version": 41}
{"obj": {"type": "LogStrings", "path": ["monitoring", "stderr"], "values": [{"value": "\n", "step": null, "ts": 1656443659.473856}]}, "version": 42}
{"obj": {"type": "LogStrings", "path": ["monitoring", "stderr"], "values": [{"value": "  File \"C:\\Users\\Marwan\\AppData\\Local\\Programs\\Python\\Python310\\lib\\site-packages\\optuna\\study\\_optimize.py\", line 264, in _run_trial\n", "step": null, "ts": 1656443659.473856}]}, "version": 43}
{"obj": {"type": "LogStrings", "path": ["monitoring", "stderr"], "values": [{"value": "    ", "step": null, "ts": 1656443659.473856}]}, "version": 44}
{"obj": {"type": "LogStrings", "path": ["monitoring", "stderr"], "values": [{"value": "raise func_err", "step": null, "ts": 1656443659.4748573}]}, "version": 45}
{"obj": {"type": "LogStrings", "path": ["monitoring", "stderr"], "values": [{"value": "\n", "step": null, "ts": 1656443659.4748573}]}, "version": 46}
{"obj": {"type": "LogStrings", "path": ["monitoring", "stderr"], "values": [{"value": "  File \"C:\\Users\\Marwan\\AppData\\Local\\Programs\\Python\\Python310\\lib\\site-packages\\optuna\\study\\_optimize.py\", line 213, in _run_trial\n", "step": null, "ts": 1656443659.4748573}]}, "version": 47}
{"obj": {"type": "LogStrings", "path": ["monitoring", "stderr"], "values": [{"value": "    ", "step": null, "ts": 1656443659.4748573}]}, "version": 48}
{"obj": {"type": "LogStrings", "path": ["monitoring", "stderr"], "values": [{"value": "value_or_values = func(trial)", "step": null, "ts": 1656443659.4748573}]}, "version": 49}
{"obj": {"type": "LogStrings", "path": ["monitoring", "stderr"], "values": [{"value": "\n", "step": null, "ts": 1656443659.4748573}]}, "version": 50}
{"obj": {"type": "LogStrings", "path": ["monitoring", "stderr"], "values": [{"value": "  File \"C:\\Users\\Marwan\\PycharmProjects\\TinySSD_Banana\\TinySSD_Banana\\train_tuning.py\", line 145, in <lambda>\n", "step": null, "ts": 1656443659.4748573}]}, "version": 51}
{"obj": {"type": "LogStrings", "path": ["monitoring", "stderr"], "values": [{"value": "    ", "step": null, "ts": 1656443659.4748573}]}, "version": 52}
{"obj": {"type": "LogStrings", "path": ["monitoring", "stderr"], "values": [{"value": "study.optimize(lambda trial: objective(trial), n_trials=params[\"n_trials\"], gc_after_trial=True, callbacks=[neptune_callback])", "step": null, "ts": 1656443659.4748573}]}, "version": 53}
{"obj": {"type": "LogStrings", "path": ["monitoring", "stderr"], "values": [{"value": "\n", "step": null, "ts": 1656443659.475858}]}, "version": 54}
{"obj": {"type": "LogStrings", "path": ["monitoring", "stderr"], "values": [{"value": "  File \"C:\\Users\\Marwan\\PycharmProjects\\TinySSD_Banana\\TinySSD_Banana\\train_tuning.py\", line 82, in objective\n", "step": null, "ts": 1656443659.475858}]}, "version": 55}
{"obj": {"type": "LogStrings", "path": ["monitoring", "stderr"], "values": [{"value": "    ", "step": null, "ts": 1656443659.475858}]}, "version": 56}
{"obj": {"type": "LogStrings", "path": ["monitoring", "stderr"], "values": [{"value": "optimizer = getattr(optim, param[\"optimizer\"])(net.parameters(), lr=param[\"learning_rate\"], dropout=param[\"dropout\"], weight_decay=param[\"weight_decay\"])", "step": null, "ts": 1656443659.475858}]}, "version": 57}
{"obj": {"type": "LogStrings", "path": ["monitoring", "stderr"], "values": [{"value": "\n", "step": null, "ts": 1656443659.475858}]}, "version": 58}
{"obj": {"type": "LogStrings", "path": ["monitoring", "stderr"], "values": [{"value": "TypeError", "step": null, "ts": 1656443659.475858}]}, "version": 59}
{"obj": {"type": "LogStrings", "path": ["monitoring", "stderr"], "values": [{"value": ": ", "step": null, "ts": 1656443659.475858}]}, "version": 60}
{"obj": {"type": "LogStrings", "path": ["monitoring", "stderr"], "values": [{"value": "SGD.__init__() got an unexpected keyword argument 'dropout'", "step": null, "ts": 1656443659.475858}]}, "version": 61}
{"obj": {"type": "LogStrings", "path": ["monitoring", "stderr"], "values": [{"value": "\n", "step": null, "ts": 1656443659.475858}]}, "version": 62}
{"obj": {"type": "LogStrings", "path": ["monitoring", "stdout"], "values": [{"value": "Shutting down background jobs, please wait a moment...\n", "step": null, "ts": 1656443659.4768589}]}, "version": 63}
