{"obj": {"type": "AssignString", "path": ["sys", "name"], "value": "Untitled"}, "version": 1}
{"obj": {"type": "AssignString", "path": ["sys", "description"], "value": ""}, "version": 2}
{"obj": {"type": "AssignString", "path": ["sys", "hostname"], "value": "DESKTOP-LCRLR8G"}, "version": 3}
{"obj": {"type": "AssignBool", "path": ["sys", "failed"], "value": false}, "version": 4}
{"obj": {"type": "ClearStringLog", "path": ["monitoring", "stdout"]}, "version": 5}
{"obj": {"type": "ClearStringLog", "path": ["monitoring", "stderr"]}, "version": 6}
{"obj": {"type": "AssignString", "path": ["source_code", "entrypoint"], "value": "train_tuning.py"}, "version": 7}
{"obj": {"type": "UploadFileSet", "path": ["source_code", "files"], "file_globs": ["C:\\Users\\Marwan\\PycharmProjects\\TinySSD_Banana\\TinySSD_Banana\\train_tuning.py"], "reset": "False"}, "version": 8}
{"obj": {"type": "ConfigFloatSeries", "path": ["monitoring", "cpu"], "min": 0.0, "max": 100.0, "unit": "%"}, "version": 9}
{"obj": {"type": "ClearFloatLog", "path": ["monitoring", "cpu"]}, "version": 10}
{"obj": {"type": "ConfigFloatSeries", "path": ["monitoring", "memory"], "min": 0.0, "max": 15.955059051513672, "unit": "GB"}, "version": 11}
{"obj": {"type": "ClearFloatLog", "path": ["monitoring", "memory"]}, "version": 12}
{"obj": {"type": "ConfigFloatSeries", "path": ["monitoring", "gpu"], "min": 0.0, "max": 100.0, "unit": "%"}, "version": 13}
{"obj": {"type": "ClearFloatLog", "path": ["monitoring", "gpu"]}, "version": 14}
{"obj": {"type": "ConfigFloatSeries", "path": ["monitoring", "gpu_memory"], "min": 0.0, "max": 8.0, "unit": "GB"}, "version": 15}
{"obj": {"type": "ClearFloatLog", "path": ["monitoring", "gpu_memory"]}, "version": 16}
{"obj": {"type": "AssignString", "path": ["parameters", "direction"], "value": "minimize"}, "version": 17}
{"obj": {"type": "AssignInt", "path": ["parameters", "n_trials"], "value": 20}, "version": 18}
{"obj": {"type": "AssignString", "path": ["source_code", "integrations", "neptune-optuna"], "value": "0.9.14"}, "version": 19}
{"obj": {"type": "LogFloats", "path": ["monitoring", "cpu"], "values": [{"value": 8.8, "step": null, "ts": 1656441132.7464268}]}, "version": 20}
{"obj": {"type": "LogFloats", "path": ["monitoring", "memory"], "values": [{"value": 8.655776977539062, "step": null, "ts": 1656441132.7464268}]}, "version": 21}
{"obj": {"type": "LogFloats", "path": ["monitoring", "gpu_memory"], "values": [{"value": 1.4935531616210938, "step": null, "ts": 1656441132.7464268}]}, "version": 22}
{"obj": {"type": "LogStrings", "path": ["monitoring", "stderr"], "values": [{"value": "\r  0%|          | 0/65 [00:00<?, ?it/s]", "step": null, "ts": 1656441133.108876}]}, "version": 23}
{"obj": {"type": "LogFloats", "path": ["monitoring", "cpu"], "values": [{"value": 13.7, "step": null, "ts": 1656441142.7611415}]}, "version": 24}
{"obj": {"type": "LogFloats", "path": ["monitoring", "memory"], "values": [{"value": 9.242069244384766, "step": null, "ts": 1656441142.7611415}]}, "version": 25}
{"obj": {"type": "LogFloats", "path": ["monitoring", "gpu_memory"], "values": [{"value": 1.5918731689453125, "step": null, "ts": 1656441142.7611415}]}, "version": 26}
{"obj": {"type": "LogFloats", "path": ["monitoring", "cpu"], "values": [{"value": 19.3, "step": null, "ts": 1656441152.7712843}]}, "version": 27}
{"obj": {"type": "LogFloats", "path": ["monitoring", "memory"], "values": [{"value": 9.500709533691406, "step": null, "ts": 1656441152.7712843}]}, "version": 28}
{"obj": {"type": "LogFloats", "path": ["monitoring", "gpu_memory"], "values": [{"value": 1.5918731689453125, "step": null, "ts": 1656441152.7712843}]}, "version": 29}
{"obj": {"type": "LogStrings", "path": ["monitoring", "stderr"], "values": [{"value": "", "step": null, "ts": 1656441156.1817}]}, "version": 30}
{"obj": {"type": "LogStrings", "path": ["monitoring", "stderr"], "values": [{"value": "\r  0%|          | 0/65 [00:23<?, ?it/s]", "step": null, "ts": 1656441156.1817}]}, "version": 31}
{"obj": {"type": "LogStrings", "path": ["monitoring", "stderr"], "values": [{"value": "\n", "step": null, "ts": 1656441156.1817}]}, "version": 32}
{"obj": {"type": "LogStrings", "path": ["monitoring", "traceback"], "values": [{"value": "An uncaught exception occurred while run was active on worker DESKTOP-LCRLR8G.", "step": null, "ts": 1656441156.3155944}, {"value": "Marking run as failed", "step": null, "ts": 1656441156.3155944}, {"value": "Traceback:", "step": null, "ts": 1656441156.3155944}, {"value": "  File \"C:\\Users\\Marwan\\PycharmProjects\\TinySSD_Banana\\TinySSD_Banana\\train_tuning.py\", line 144, in <module>\n    study.optimize(lambda trial: objective(trial), n_trials=params[\"n_trials\"], gc_after_trial=True, callbacks=[neptune_callback])\n", "step": null, "ts": 1656441156.3155944}, {"value": "  File \"C:\\Users\\Marwan\\AppData\\Local\\Programs\\Python\\Python310\\lib\\site-packages\\optuna\\study\\study.py\", line 400, in optimize\n    _optimize(\n", "step": null, "ts": 1656441156.3155944}, {"value": "  File \"C:\\Users\\Marwan\\AppData\\Local\\Programs\\Python\\Python310\\lib\\site-packages\\optuna\\study\\_optimize.py\", line 66, in _optimize\n    _optimize_sequential(\n", "step": null, "ts": 1656441156.3155944}, {"value": "  File \"C:\\Users\\Marwan\\AppData\\Local\\Programs\\Python\\Python310\\lib\\site-packages\\optuna\\study\\_optimize.py\", line 163, in _optimize_sequential\n    trial = _run_trial(study, func, catch)\n", "step": null, "ts": 1656441156.3155944}, {"value": "  File \"C:\\Users\\Marwan\\AppData\\Local\\Programs\\Python\\Python310\\lib\\site-packages\\optuna\\study\\_optimize.py\", line 213, in _run_trial\n    value_or_values = func(trial)\n", "step": null, "ts": 1656441156.3155944}, {"value": "  File \"C:\\Users\\Marwan\\PycharmProjects\\TinySSD_Banana\\TinySSD_Banana\\train_tuning.py\", line 144, in <lambda>\n    study.optimize(lambda trial: objective(trial), n_trials=params[\"n_trials\"], gc_after_trial=True, callbacks=[neptune_callback])\n", "step": null, "ts": 1656441156.3155944}, {"value": "  File \"C:\\Users\\Marwan\\PycharmProjects\\TinySSD_Banana\\TinySSD_Banana\\train_tuning.py\", line 93, in objective\n    for features, target in tqdm(train_iter):\n", "step": null, "ts": 1656441156.3155944}]}, "version": 33}
{"obj": {"type": "LogStrings", "path": ["monitoring", "traceback"], "values": [{"value": "  File \"C:\\Users\\Marwan\\AppData\\Local\\Programs\\Python\\Python310\\lib\\site-packages\\tqdm\\std.py\", line 1195, in __iter__\n    for obj in iterable:\n", "step": null, "ts": 1656441156.3155944}, {"value": "  File \"C:\\Users\\Marwan\\AppData\\Local\\Programs\\Python\\Python310\\lib\\site-packages\\torch\\utils\\data\\dataloader.py\", line 530, in __next__\n    data = self._next_data()\n", "step": null, "ts": 1656441156.3155944}, {"value": "  File \"C:\\Users\\Marwan\\AppData\\Local\\Programs\\Python\\Python310\\lib\\site-packages\\torch\\utils\\data\\dataloader.py\", line 1207, in _next_data\n    idx, data = self._get_data()\n", "step": null, "ts": 1656441156.3155944}, {"value": "  File \"C:\\Users\\Marwan\\AppData\\Local\\Programs\\Python\\Python310\\lib\\site-packages\\torch\\utils\\data\\dataloader.py\", line 1163, in _get_data\n    success, data = self._try_get_data()\n", "step": null, "ts": 1656441156.3155944}, {"value": "  File \"C:\\Users\\Marwan\\AppData\\Local\\Programs\\Python\\Python310\\lib\\site-packages\\torch\\utils\\data\\dataloader.py\", line 1011, in _try_get_data\n    data = self._data_queue.get(timeout=timeout)\n", "step": null, "ts": 1656441156.3155944}, {"value": "  File \"C:\\Users\\Marwan\\AppData\\Local\\Programs\\Python\\Python310\\lib\\queue.py\", line 180, in get\n    self.not_empty.wait(remaining)\n", "step": null, "ts": 1656441156.3155944}, {"value": "  File \"C:\\Users\\Marwan\\AppData\\Local\\Programs\\Python\\Python310\\lib\\threading.py\", line 324, in wait\n    gotit = waiter.acquire(True, timeout)\n", "step": null, "ts": 1656441156.3155944}, {"value": "", "step": null, "ts": 1656441156.3155944}]}, "version": 34}
{"obj": {"type": "AssignBool", "path": ["sys", "failed"], "value": true}, "version": 35}
{"obj": {"type": "LogStrings", "path": ["monitoring", "stderr"], "values": [{"value": "Traceback (most recent call last):\n", "step": null, "ts": 1656441156.3166049}]}, "version": 36}
{"obj": {"type": "LogStrings", "path": ["monitoring", "stderr"], "values": [{"value": "  File \"C:\\Users\\Marwan\\PycharmProjects\\TinySSD_Banana\\TinySSD_Banana\\train_tuning.py\", line 144, in <module>\n", "step": null, "ts": 1656441156.3166049}]}, "version": 37}
{"obj": {"type": "LogStrings", "path": ["monitoring", "stderr"], "values": [{"value": "    ", "step": null, "ts": 1656441156.3166049}]}, "version": 38}
{"obj": {"type": "LogStrings", "path": ["monitoring", "stderr"], "values": [{"value": "study.optimize(lambda trial: objective(trial), n_trials=params[\"n_trials\"], gc_after_trial=True, callbacks=[neptune_callback])", "step": null, "ts": 1656441156.3166049}]}, "version": 39}
{"obj": {"type": "LogStrings", "path": ["monitoring", "stderr"], "values": [{"value": "\n", "step": null, "ts": 1656441156.3166049}]}, "version": 40}
{"obj": {"type": "LogStrings", "path": ["monitoring", "stderr"], "values": [{"value": "  File \"C:\\Users\\Marwan\\AppData\\Local\\Programs\\Python\\Python310\\lib\\site-packages\\optuna\\study\\study.py\", line 400, in optimize\n", "step": null, "ts": 1656441156.3166049}]}, "version": 41}
{"obj": {"type": "LogStrings", "path": ["monitoring", "stderr"], "values": [{"value": "    ", "step": null, "ts": 1656441156.3166049}]}, "version": 42}
{"obj": {"type": "LogStrings", "path": ["monitoring", "stderr"], "values": [{"value": "_optimize(", "step": null, "ts": 1656441156.317606}]}, "version": 43}
{"obj": {"type": "LogStrings", "path": ["monitoring", "stderr"], "values": [{"value": "\n", "step": null, "ts": 1656441156.317606}]}, "version": 44}
{"obj": {"type": "LogStrings", "path": ["monitoring", "stderr"], "values": [{"value": "  File \"C:\\Users\\Marwan\\AppData\\Local\\Programs\\Python\\Python310\\lib\\site-packages\\optuna\\study\\_optimize.py\", line 66, in _optimize\n", "step": null, "ts": 1656441156.317606}]}, "version": 45}
{"obj": {"type": "LogStrings", "path": ["monitoring", "stderr"], "values": [{"value": "    ", "step": null, "ts": 1656441156.317606}]}, "version": 46}
{"obj": {"type": "LogStrings", "path": ["monitoring", "stderr"], "values": [{"value": "_optimize_sequential(", "step": null, "ts": 1656441156.317606}]}, "version": 47}
{"obj": {"type": "LogStrings", "path": ["monitoring", "stderr"], "values": [{"value": "\n", "step": null, "ts": 1656441156.317606}]}, "version": 48}
{"obj": {"type": "LogStrings", "path": ["monitoring", "stderr"], "values": [{"value": "  File \"C:\\Users\\Marwan\\AppData\\Local\\Programs\\Python\\Python310\\lib\\site-packages\\optuna\\study\\_optimize.py\", line 163, in _optimize_sequential\n", "step": null, "ts": 1656441156.317606}]}, "version": 49}
{"obj": {"type": "LogStrings", "path": ["monitoring", "stderr"], "values": [{"value": "    ", "step": null, "ts": 1656441156.317606}]}, "version": 50}
{"obj": {"type": "LogStrings", "path": ["monitoring", "stderr"], "values": [{"value": "trial = _run_trial(study, func, catch)", "step": null, "ts": 1656441156.317606}]}, "version": 51}
{"obj": {"type": "LogStrings", "path": ["monitoring", "stderr"], "values": [{"value": "\n", "step": null, "ts": 1656441156.3186069}]}, "version": 52}
{"obj": {"type": "LogStrings", "path": ["monitoring", "stderr"], "values": [{"value": "  File \"C:\\Users\\Marwan\\AppData\\Local\\Programs\\Python\\Python310\\lib\\site-packages\\optuna\\study\\_optimize.py\", line 213, in _run_trial\n", "step": null, "ts": 1656441156.3186069}]}, "version": 53}
{"obj": {"type": "LogStrings", "path": ["monitoring", "stderr"], "values": [{"value": "    ", "step": null, "ts": 1656441156.3186069}]}, "version": 54}
{"obj": {"type": "LogStrings", "path": ["monitoring", "stderr"], "values": [{"value": "value_or_values = func(trial)", "step": null, "ts": 1656441156.3186069}]}, "version": 55}
{"obj": {"type": "LogStrings", "path": ["monitoring", "stderr"], "values": [{"value": "\n", "step": null, "ts": 1656441156.3186069}]}, "version": 56}
{"obj": {"type": "LogStrings", "path": ["monitoring", "stderr"], "values": [{"value": "  File \"C:\\Users\\Marwan\\PycharmProjects\\TinySSD_Banana\\TinySSD_Banana\\train_tuning.py\", line 144, in <lambda>\n", "step": null, "ts": 1656441156.3186069}]}, "version": 57}
{"obj": {"type": "LogStrings", "path": ["monitoring", "stderr"], "values": [{"value": "    ", "step": null, "ts": 1656441156.3186069}]}, "version": 58}
{"obj": {"type": "LogStrings", "path": ["monitoring", "stderr"], "values": [{"value": "study.optimize(lambda trial: objective(trial), n_trials=params[\"n_trials\"], gc_after_trial=True, callbacks=[neptune_callback])", "step": null, "ts": 1656441156.3186069}]}, "version": 59}
{"obj": {"type": "LogStrings", "path": ["monitoring", "stderr"], "values": [{"value": "\n", "step": null, "ts": 1656441156.3186069}]}, "version": 60}
{"obj": {"type": "LogStrings", "path": ["monitoring", "stderr"], "values": [{"value": "  File \"C:\\Users\\Marwan\\PycharmProjects\\TinySSD_Banana\\TinySSD_Banana\\train_tuning.py\", line 93, in objective\n", "step": null, "ts": 1656441156.3186069}]}, "version": 61}
{"obj": {"type": "LogStrings", "path": ["monitoring", "stderr"], "values": [{"value": "    ", "step": null, "ts": 1656441156.319607}]}, "version": 62}
{"obj": {"type": "LogStrings", "path": ["monitoring", "stderr"], "values": [{"value": "for features, target in tqdm(train_iter):", "step": null, "ts": 1656441156.319607}]}, "version": 63}
{"obj": {"type": "LogStrings", "path": ["monitoring", "stderr"], "values": [{"value": "\n", "step": null, "ts": 1656441156.319607}]}, "version": 64}
{"obj": {"type": "LogStrings", "path": ["monitoring", "stderr"], "values": [{"value": "  File \"C:\\Users\\Marwan\\AppData\\Local\\Programs\\Python\\Python310\\lib\\site-packages\\tqdm\\std.py\", line 1195, in __iter__\n", "step": null, "ts": 1656441156.319607}]}, "version": 65}
{"obj": {"type": "LogStrings", "path": ["monitoring", "stderr"], "values": [{"value": "    ", "step": null, "ts": 1656441156.319607}]}, "version": 66}
{"obj": {"type": "LogStrings", "path": ["monitoring", "stderr"], "values": [{"value": "for obj in iterable:", "step": null, "ts": 1656441156.319607}]}, "version": 67}
{"obj": {"type": "LogStrings", "path": ["monitoring", "stderr"], "values": [{"value": "\n", "step": null, "ts": 1656441156.319607}]}, "version": 68}
{"obj": {"type": "LogStrings", "path": ["monitoring", "stderr"], "values": [{"value": "  File \"C:\\Users\\Marwan\\AppData\\Local\\Programs\\Python\\Python310\\lib\\site-packages\\torch\\utils\\data\\dataloader.py\", line 530, in __next__\n", "step": null, "ts": 1656441156.3206077}]}, "version": 69}
{"obj": {"type": "LogStrings", "path": ["monitoring", "stderr"], "values": [{"value": "    ", "step": null, "ts": 1656441156.3206077}]}, "version": 70}
{"obj": {"type": "LogStrings", "path": ["monitoring", "stderr"], "values": [{"value": "data = self._next_data()", "step": null, "ts": 1656441156.3206077}]}, "version": 71}
{"obj": {"type": "LogStrings", "path": ["monitoring", "stderr"], "values": [{"value": "\n", "step": null, "ts": 1656441156.3206077}]}, "version": 72}
{"obj": {"type": "LogStrings", "path": ["monitoring", "stderr"], "values": [{"value": "  File \"C:\\Users\\Marwan\\AppData\\Local\\Programs\\Python\\Python310\\lib\\site-packages\\torch\\utils\\data\\dataloader.py\", line 1207, in _next_data\n", "step": null, "ts": 1656441156.3206077}]}, "version": 73}
{"obj": {"type": "LogStrings", "path": ["monitoring", "stderr"], "values": [{"value": "    ", "step": null, "ts": 1656441156.3216097}]}, "version": 74}
{"obj": {"type": "LogStrings", "path": ["monitoring", "stderr"], "values": [{"value": "idx, data = self._get_data()", "step": null, "ts": 1656441156.3216097}]}, "version": 75}
{"obj": {"type": "LogStrings", "path": ["monitoring", "stderr"], "values": [{"value": "\n", "step": null, "ts": 1656441156.3216097}]}, "version": 76}
{"obj": {"type": "LogStrings", "path": ["monitoring", "stderr"], "values": [{"value": "  File \"C:\\Users\\Marwan\\AppData\\Local\\Programs\\Python\\Python310\\lib\\site-packages\\torch\\utils\\data\\dataloader.py\", line 1163, in _get_data\n", "step": null, "ts": 1656441156.3216097}]}, "version": 77}
{"obj": {"type": "LogStrings", "path": ["monitoring", "stderr"], "values": [{"value": "    ", "step": null, "ts": 1656441156.3216097}]}, "version": 78}
{"obj": {"type": "LogStrings", "path": ["monitoring", "stderr"], "values": [{"value": "success, data = self._try_get_data()", "step": null, "ts": 1656441156.3216097}]}, "version": 79}
{"obj": {"type": "LogStrings", "path": ["monitoring", "stderr"], "values": [{"value": "\n", "step": null, "ts": 1656441156.3216097}]}, "version": 80}
{"obj": {"type": "LogStrings", "path": ["monitoring", "stderr"], "values": [{"value": "  File \"C:\\Users\\Marwan\\AppData\\Local\\Programs\\Python\\Python310\\lib\\site-packages\\torch\\utils\\data\\dataloader.py\", line 1011, in _try_get_data\n", "step": null, "ts": 1656441156.3226104}]}, "version": 81}
{"obj": {"type": "LogStrings", "path": ["monitoring", "stderr"], "values": [{"value": "    ", "step": null, "ts": 1656441156.3226104}]}, "version": 82}
{"obj": {"type": "LogStrings", "path": ["monitoring", "stderr"], "values": [{"value": "data = self._data_queue.get(timeout=timeout)", "step": null, "ts": 1656441156.3226104}]}, "version": 83}
{"obj": {"type": "LogStrings", "path": ["monitoring", "stderr"], "values": [{"value": "\n", "step": null, "ts": 1656441156.3226104}]}, "version": 84}
{"obj": {"type": "LogStrings", "path": ["monitoring", "stderr"], "values": [{"value": "  File \"C:\\Users\\Marwan\\AppData\\Local\\Programs\\Python\\Python310\\lib\\queue.py\", line 180, in get\n", "step": null, "ts": 1656441156.3226104}]}, "version": 85}
{"obj": {"type": "LogStrings", "path": ["monitoring", "stderr"], "values": [{"value": "    ", "step": null, "ts": 1656441156.3226104}]}, "version": 86}
{"obj": {"type": "LogStrings", "path": ["monitoring", "stderr"], "values": [{"value": "self.not_empty.wait(remaining)", "step": null, "ts": 1656441156.3226104}]}, "version": 87}
{"obj": {"type": "LogStrings", "path": ["monitoring", "stderr"], "values": [{"value": "\n", "step": null, "ts": 1656441156.3236105}]}, "version": 88}
{"obj": {"type": "LogStrings", "path": ["monitoring", "stderr"], "values": [{"value": "  File \"C:\\Users\\Marwan\\AppData\\Local\\Programs\\Python\\Python310\\lib\\threading.py\", line 324, in wait\n", "step": null, "ts": 1656441156.3236105}]}, "version": 89}
{"obj": {"type": "LogStrings", "path": ["monitoring", "stderr"], "values": [{"value": "    ", "step": null, "ts": 1656441156.3236105}]}, "version": 90}
{"obj": {"type": "LogStrings", "path": ["monitoring", "stderr"], "values": [{"value": "gotit = waiter.acquire(True, timeout)", "step": null, "ts": 1656441156.3236105}]}, "version": 91}
{"obj": {"type": "LogStrings", "path": ["monitoring", "stderr"], "values": [{"value": "\n", "step": null, "ts": 1656441156.3236105}]}, "version": 92}
{"obj": {"type": "LogStrings", "path": ["monitoring", "stderr"], "values": [{"value": "KeyboardInterrupt", "step": null, "ts": 1656441156.3236105}]}, "version": 93}
{"obj": {"type": "LogStrings", "path": ["monitoring", "stderr"], "values": [{"value": "", "step": null, "ts": 1656441156.3236105}]}, "version": 94}
{"obj": {"type": "LogStrings", "path": ["monitoring", "stderr"], "values": [{"value": "\n", "step": null, "ts": 1656441156.3246126}]}, "version": 95}
{"obj": {"type": "LogStrings", "path": ["monitoring", "stdout"], "values": [{"value": "Shutting down background jobs, please wait a moment...\n", "step": null, "ts": 1656441156.3246126}]}, "version": 96}
